<?xml version="1.0" encoding="utf-8"?><testsuites name="pytest tests"><testsuite name="pytest" errors="0" failures="0" skipped="0" tests="12" time="2.783" timestamp="2026-09-08T15:26:56.371038+00:00" hostname="agent-env-b5a1ca55-0b35-40a2-8da1-efb1bb5d154b"><testcase classname="tests.test_tutorhive" name="test_unauth_me" time="0.268" /><testcase classname="tests.test_tutorhive" name="test_login_returns_role" time="0.773" /><testcase classname="tests.test_tutorhive" name="test_tutors_only_approved" time="0.114" /><testcase classname="tests.test_tutorhive" name="test_new_tutor_pending_not_listed_then_approved" time="0.477" /><testcase classname="tests.test_tutorhive" name="test_tutor_me_availability_seeded" time="0.044" /><testcase classname="tests.test_tutorhive" name="test_double_booking_prevention" time="0.250" /><testcase classname="tests.test_tutorhive" name="test_authorization_cross_student" time="0.382" /><testcase classname="tests.test_tutorhive" name="test_admin_forbidden_for_student" time="0.034" /><testcase classname="tests.test_tutorhive" name="test_tutor_completes_booking_and_meet_url" time="0.112" /><testcase classname="tests.test_tutorhive" name="test_review_endpoint_returns_200_json" time="0.040" /><testcase classname="tests.test_tutorhive" name="test_student_dashboard_shows_bookings" time="0.036" /><testcase classname="tests.test_tutorhive" name="test_admin_endpoints" time="0.182" /></testsuite></testsuites>