<?xml version="1.0" encoding="utf-8"?><testsuites name="pytest tests"><testsuite name="pytest" errors="0" failures="0" skipped="0" tests="15" time="3.485" timestamp="2026-09-14T18:44:14.384020+00:00" hostname="agent-env-b5a1ca55-0b35-40a2-8da1-efb1bb5d154b"><testcase classname="tests.test_iter3_features.TestResendEmail" name="test_run_reminders_and_check_provider" time="0.383" /><testcase classname="tests.test_iter3_features.TestResendEmail" name="test_email_log_has_resend_rows" time="0.049" /><testcase classname="tests.test_iter3_features.TestMessagingREST" name="test_send_empty_message_rejected" time="0.602" /><testcase classname="tests.test_iter3_features.TestMessagingREST" name="test_send_oversize_rejected" time="0.079" /><testcase classname="tests.test_iter3_features.TestMessagingREST" name="test_stranger_forbidden" time="0.618" /><testcase classname="tests.test_iter3_features.TestMessagingREST" name="test_send_message_success" time="0.210" /><testcase classname="tests.test_iter3_features.TestMessagingREST" name="test_threads_list" time="0.072" /><testcase classname="tests.test_iter3_features.TestMessagingREST" name="test_thread_marks_read" time="0.240" /><testcase classname="tests.test_iter3_features.TestAttendance" name="test_student_join" time="0.209" /><testcase classname="tests.test_iter3_features.TestAttendance" name="test_tutor_join" time="0.052" /><testcase classname="tests.test_iter3_features.TestAttendance" name="test_booking_hydration_exposes_timestamps" time="0.039" /><testcase classname="tests.test_iter3_features.TestAttendance" name="test_non_participant_forbidden" time="0.418" /><testcase classname="tests.test_iter3_features.TestWebSocket" name="test_ws_hello_and_realtime_push" time="0.220" /><testcase classname="tests.test_iter3_features.TestWebSocket" name="test_ws_rejects_missing_token" time="0.147" /><testcase classname="tests.test_iter3_features" name="test_frontend_landing_reachable" time="0.089" /></testsuite></testsuites>