<?xml version="1.0" encoding="utf-8"?><testsuites name="pytest tests"><testsuite name="pytest" errors="0" failures="0" skipped="0" tests="20" time="3.251" timestamp="2026-09-14T18:56:04.238899+00:00" hostname="agent-env-b5a1ca55-0b35-40a2-8da1-efb1bb5d154b"><testcase classname="tests.test_iter4_attachments.TestAttachmentUpload" name="test_upload_pdf_ok" time="0.786" /><testcase classname="tests.test_iter4_attachments.TestAttachmentUpload" name="test_upload_png_ok" time="0.185" /><testcase classname="tests.test_iter4_attachments.TestAttachmentUpload" name="test_reject_bad_mime" time="0.067" /><testcase classname="tests.test_iter4_attachments.TestAttachmentUpload" name="test_reject_oversize" time="0.377" /><testcase classname="tests.test_iter4_attachments.TestAttachmentUpload" name="test_reject_empty" time="0.049" /><testcase classname="tests.test_iter4_attachments.TestAttachmentUpload" name="test_stranger_cannot_upload" time="0.487" /><testcase classname="tests.test_iter4_attachments.TestAttachmentDownload" name="test_recipient_download_byte_identical_pdf" time="0.041" /><testcase classname="tests.test_iter4_attachments.TestAttachmentDownload" name="test_sender_can_download" time="0.073" /><testcase classname="tests.test_iter4_attachments.TestAttachmentDownload" name="test_image_inline_disposition" time="0.050" /><testcase classname="tests.test_iter4_attachments.TestAttachmentDownload" name="test_third_party_forbidden" time="0.186" /><testcase classname="tests.test_iter4_attachments.TestAttachmentDownload" name="test_bogus_id_404" time="0.163" /><testcase classname="tests.test_iter4_attachments.TestAttachmentDownload" name="test_admin_can_download" time="0.211" /><testcase classname="tests.test_iter4_attachments.TestThreadIncludesAttachment" name="test_thread_list_populated_attachment" time="0.034" /><testcase classname="tests.test_iter4_attachments.TestWebSocketPush" name="test_ws_receives_attachment_message" time="0.179" /><testcase classname="tests.test_iter4_attachments.TestRegression" name="test_text_only_message_still_works" time="0.046" /><testcase classname="tests.test_iter4_attachments.TestRegression" name="test_threads_list_still_ok" time="0.075" /><testcase classname="tests.test_iter4_attachments.TestRegression" name="test_bookings_list_still_ok" time="0.039" /><testcase classname="tests.test_iter4_attachments.TestRegression" name="test_admin_dashboard_ok" time="0.053" /><testcase classname="tests.test_iter4_attachments.TestRegression" name="test_tutors_search_ok" time="0.041" /><testcase classname="tests.test_iter4_attachments.TestRegression" name="test_email_log_ok" time="0.049" /></testsuite></testsuites>