<?xml version="1.0" encoding="utf-8"?><testsuites name="pytest tests"><testsuite name="pytest" errors="0" failures="0" skipped="0" tests="10" time="5.385" timestamp="2026-09-14T19:05:39.415169+00:00" hostname="agent-env-b5a1ca55-0b35-40a2-8da1-efb1bb5d154b"><testcase classname="tests.test_iter5_delete_and_read.TestPermissions" name="test_delete_404_unknown" time="0.578" /><testcase classname="tests.test_iter5_delete_and_read.TestPermissions" name="test_delete_403_stranger_cant_delete_others" time="0.737" /><testcase classname="tests.test_iter5_delete_and_read.TestSenderDelete" name="test_sender_delete_within_window" time="0.071" /><testcase classname="tests.test_iter5_delete_and_read.TestSenderDelete" name="test_second_delete_idempotent" time="0.035" /><testcase classname="tests.test_iter5_delete_and_read.TestSenderDelete" name="test_thread_shows_tombstone" time="0.039" /><testcase classname="tests.test_iter5_delete_and_read.TestAttachmentDelete" name="test_delete_attachment_removes_blob" time="0.144" /><testcase classname="tests.test_iter5_delete_and_read.TestWindowExpiry" name="test_expired_window_400_and_admin_override" time="0.417" /><testcase classname="tests.test_iter5_delete_and_read.TestThreadsListTombstone" name="test_threads_last_body_tombstone" time="0.119" /><testcase classname="tests.test_iter5_delete_and_read.TestWebSocketDelete" name="test_ws_message_deleted_both_parties" time="1.596" /><testcase classname="tests.test_iter5_delete_and_read.TestReadReceipts" name="test_read_receipt_ws_and_response" time="1.593" /></testsuite></testsuites>